<?xml version="1.0" encoding="UTF-8"?>
<!-- Generated by org.testng.reporters.JUnitReportReporter -->
<testsuite hostname="LAPTOP-B79VD18R" failures="0" tests="1" name="tempTestPack.CheckTestNG" time="0.003" errors="0" timestamp="2022-09-13T02:28:55 IST" skipped="0">
  <testcase classname="tempTestPack.CheckTestNG" name="test123" time="0.003"/>
  <system-out/>
</testsuite> <!-- tempTestPack.CheckTestNG -->
